[6.317s] DEBUG:colcon:Command line arguments: ['/usr/bin/colcon', 'build', '--packages-select', 'vid_publisher']
[6.317s] DEBUG:colcon:Parsed command line arguments: Namespace(allow_overriding=[], ament_cmake_args=None, base_paths=['.'], build_base='build', catkin_cmake_args=None, catkin_skip_building_tests=False, cmake_args=None, cmake_clean_cache=False, cmake_clean_first=False, cmake_force_configure=False, cmake_target=None, cmake_target_skip_unavailable=False, continue_on_error=False, event_handlers=None, executor='parallel', ignore_user_meta=False, install_base='install', log_base=None, log_level=None, main=<bound method BuildVerb.main of <colcon_core.verb.build.BuildVerb object at 0x7fe576d608b0>>, merge_install=False, metas=['./colcon.meta'], packages_above=None, packages_above_and_dependencies=None, packages_above_depth=None, packages_end=None, packages_ignore=None, packages_ignore_regex=None, packages_select=['vid_publisher'], packages_select_build_failed=False, packages_select_by_dep=None, packages_select_regex=None, packages_select_test_failures=False, packages_skip=None, packages_skip_build_finished=False, packages_skip_by_dep=None, packages_skip_regex=None, packages_skip_test_passed=False, packages_skip_up_to=None, packages_start=None, packages_up_to=None, packages_up_to_regex=None, parallel_workers=80, paths=None, symlink_install=False, test_result_base=None, verb_extension=<colcon_core.verb.build.BuildVerb object at 0x7fe576d608b0>, verb_name='build', verb_parser=<colcon_defaults.argument_parser.defaults.DefaultArgumentsDecorator object at 0x7fe576c97940>)
[6.561s] Level 1:colcon.colcon_core.package_discovery:discover_packages(colcon_meta) check parameters
[6.561s] Level 1:colcon.colcon_core.package_discovery:discover_packages(recursive) check parameters
[6.561s] Level 1:colcon.colcon_core.package_discovery:discover_packages(ignore) check parameters
[6.561s] Level 1:colcon.colcon_core.package_discovery:discover_packages(path) check parameters
[6.561s] Level 1:colcon.colcon_core.package_discovery:discover_packages(colcon_meta) discover
[6.562s] Level 1:colcon.colcon_core.package_discovery:discover_packages(recursive) discover
[6.562s] INFO:colcon.colcon_core.package_discovery:Crawling recursively for packages in '/workspaces/isaac_ros-dev/isaac_ros-dev/src/vid_publisher/src'
[6.562s] Level 1:colcon.colcon_core.package_identification:_identify(.) by extensions ['ignore', 'ignore_ament_install']
[6.562s] Level 1:colcon.colcon_core.package_identification:_identify(.) by extension 'ignore'
[6.562s] Level 1:colcon.colcon_core.package_identification:_identify(.) by extension 'ignore_ament_install'
[6.562s] Level 1:colcon.colcon_core.package_identification:_identify(.) by extensions ['colcon_pkg']
[6.562s] Level 1:colcon.colcon_core.package_identification:_identify(.) by extension 'colcon_pkg'
[6.562s] Level 1:colcon.colcon_core.package_identification:_identify(.) by extensions ['colcon_meta']
[6.562s] Level 1:colcon.colcon_core.package_identification:_identify(.) by extension 'colcon_meta'
[6.562s] Level 1:colcon.colcon_core.package_identification:_identify(.) by extensions ['ros']
[6.562s] Level 1:colcon.colcon_core.package_identification:_identify(.) by extension 'ros'
[6.591s] Level 1:colcon.colcon_core.package_identification:_identify(.) by extensions ['cmake', 'python']
[6.591s] Level 1:colcon.colcon_core.package_identification:_identify(.) by extension 'cmake'
[6.591s] Level 1:colcon.colcon_core.package_identification:_identify(.) by extension 'python'
[6.591s] Level 1:colcon.colcon_core.package_identification:_identify(.) by extensions ['python_setup_py']
[6.591s] Level 1:colcon.colcon_core.package_identification:_identify(.) by extension 'python_setup_py'
[6.591s] Level 1:colcon.colcon_core.package_identification:_identify(build) by extensions ['ignore', 'ignore_ament_install']
[6.591s] Level 1:colcon.colcon_core.package_identification:_identify(build) by extension 'ignore'
[6.591s] Level 1:colcon.colcon_core.package_identification:_identify(build) ignored
[6.592s] Level 1:colcon.colcon_core.package_identification:_identify(install) by extensions ['ignore', 'ignore_ament_install']
[6.592s] Level 1:colcon.colcon_core.package_identification:_identify(install) by extension 'ignore'
[6.592s] Level 1:colcon.colcon_core.package_identification:_identify(install) ignored
[6.592s] Level 1:colcon.colcon_core.package_identification:_identify(log) by extensions ['ignore', 'ignore_ament_install']
[6.592s] Level 1:colcon.colcon_core.package_identification:_identify(log) by extension 'ignore'
[6.592s] Level 1:colcon.colcon_core.package_identification:_identify(log) ignored
[6.592s] Level 1:colcon.colcon_core.package_discovery:discover_packages(recursive) using defaults
[6.592s] Level 1:colcon.colcon_core.package_discovery:discover_packages(ignore) discover
[6.592s] Level 1:colcon.colcon_core.package_discovery:discover_packages(ignore) using defaults
[6.592s] Level 1:colcon.colcon_core.package_discovery:discover_packages(path) discover
[6.593s] Level 1:colcon.colcon_core.package_discovery:discover_packages(path) using defaults
[6.618s] WARNING:colcon.colcon_core.package_selection:ignoring unknown package 'vid_publisher' in --packages-select
[6.745s] Level 1:colcon.colcon_core.package_discovery:discover_packages(prefix_path) check parameters
[6.745s] Level 1:colcon.colcon_core.package_discovery:discover_packages(prefix_path) discover
[6.794s] DEBUG:colcon.colcon_installed_package_information.package_discovery:Found 1 installed packages in /workspaces/isaac_ros-dev/install
[6.819s] DEBUG:colcon.colcon_installed_package_information.package_discovery:Found 40 installed packages in /workspaces/isaac_ros-dev/isaac_ros-dev/install
[6.844s] DEBUG:colcon.colcon_installed_package_information.package_discovery:Found 289 installed packages in /opt/ros/humble
[6.892s] Level 1:colcon.colcon_core.package_discovery:discover_packages(prefix_path) using defaults
[7.149s] INFO:colcon.colcon_core.executor:Executing jobs using 'parallel' executor
[7.173s] DEBUG:colcon.colcon_parallel_executor.executor.parallel:run_until_complete
[7.174s] DEBUG:colcon.colcon_parallel_executor.executor.parallel:closing loop
[7.174s] DEBUG:colcon.colcon_parallel_executor.executor.parallel:loop closed
[7.174s] DEBUG:colcon.colcon_parallel_executor.executor.parallel:run_until_complete finished with '0'
[7.174s] DEBUG:colcon.colcon_core.event_reactor:joining thread
[7.208s] INFO:colcon.colcon_core.plugin_system:Skipping extension 'colcon_notification.desktop_notification.notify_send': Could not find 'notify-send'
[7.208s] INFO:colcon.colcon_core.plugin_system:Skipping extension 'colcon_notification.desktop_notification.terminal_notifier': Not used on non-Darwin systems
[7.208s] INFO:colcon.colcon_core.plugin_system:Skipping extension 'colcon_notification.desktop_notification.win32': Not used on non-Windows systems
[7.208s] INFO:colcon.colcon_notification.desktop_notification:Sending desktop notification using 'notify2'
[7.208s] DEBUG:colcon.colcon_notification.desktop_notification.notify2:Failed to initialize notify2: org.freedesktop.DBus.Error.NotSupported: Unable to autolaunch a dbus-daemon without a $DISPLAY for X11
[7.208s] DEBUG:colcon.colcon_core.event_reactor:joined thread
[7.234s] INFO:colcon.colcon_core.plugin_system:Skipping extension 'colcon_core.shell.bat': Not used on non-Windows systems
[7.235s] INFO:colcon.colcon_core.shell:Creating prefix script '/workspaces/isaac_ros-dev/isaac_ros-dev/src/vid_publisher/src/install/local_setup.ps1'
[7.237s] INFO:colcon.colcon_core.shell:Creating prefix util module '/workspaces/isaac_ros-dev/isaac_ros-dev/src/vid_publisher/src/install/_local_setup_util_ps1.py'
[7.239s] INFO:colcon.colcon_core.shell:Creating prefix chain script '/workspaces/isaac_ros-dev/isaac_ros-dev/src/vid_publisher/src/install/setup.ps1'
[7.265s] INFO:colcon.colcon_core.shell:Creating prefix script '/workspaces/isaac_ros-dev/isaac_ros-dev/src/vid_publisher/src/install/local_setup.sh'
[7.266s] INFO:colcon.colcon_core.shell:Creating prefix util module '/workspaces/isaac_ros-dev/isaac_ros-dev/src/vid_publisher/src/install/_local_setup_util_sh.py'
[7.267s] INFO:colcon.colcon_core.shell:Creating prefix chain script '/workspaces/isaac_ros-dev/isaac_ros-dev/src/vid_publisher/src/install/setup.sh'
[7.293s] INFO:colcon.colcon_core.shell:Creating prefix script '/workspaces/isaac_ros-dev/isaac_ros-dev/src/vid_publisher/src/install/local_setup.bash'
[7.294s] INFO:colcon.colcon_core.shell:Creating prefix chain script '/workspaces/isaac_ros-dev/isaac_ros-dev/src/vid_publisher/src/install/setup.bash'
[7.320s] INFO:colcon.colcon_core.shell:Creating prefix script '/workspaces/isaac_ros-dev/isaac_ros-dev/src/vid_publisher/src/install/local_setup.zsh'
[7.321s] INFO:colcon.colcon_core.shell:Creating prefix chain script '/workspaces/isaac_ros-dev/isaac_ros-dev/src/vid_publisher/src/install/setup.zsh'
